<?xml version="1.0" encoding="UTF-8"?>
<!-- Generated by org.testng.reporters.JUnitReportReporter -->
<testsuite hostname="Anna-PC" name="com.example.tests.ContactCreationTests" tests="2" failures="0" timestamp="20 Feb 2015 00:56:04 GMT" time="6.566" errors="0">
  <testcase name="testNonEmptyContact" time="3.350" classname="com.example.tests.ContactCreationTests"/>
  <testcase name="testEmptyContact" time="3.216" classname="com.example.tests.ContactCreationTests"/>
</testsuite> <!-- com.example.tests.ContactCreationTests -->
