<?xml version="1.0" encoding="UTF-8"?>
<!-- Generated by org.testng.reporters.JUnitReportReporter -->
<testsuite hostname="Anna-PC" name="com.example.tests.ContactCreationTests" tests="2" failures="0" timestamp="23 Feb 2015 16:40:46 GMT" time="8.327" errors="0">
  <testcase name="testEmptyContact" time="3.776" classname="com.example.tests.ContactCreationTests"/>
  <testcase name="testNonEmptyContact" time="4.551" classname="com.example.tests.ContactCreationTests"/>
</testsuite> <!-- com.example.tests.ContactCreationTests -->
