<?xml version="1.0" encoding="UTF-8"?>
<!-- Generated by org.testng.reporters.JUnitReportReporter -->
<testsuite hostname="Anna-PC" name="com.example.tests.GroupCreationTests" tests="2" failures="0" timestamp="23 Feb 2015 01:20:26 GMT" time="6.150" errors="0">
  <testcase name="testNonEmptyGroupCreation" time="3.121" classname="com.example.tests.GroupCreationTests"/>
  <testcase name="testEmptyGroupCreation" time="3.029" classname="com.example.tests.GroupCreationTests"/>
</testsuite> <!-- com.example.tests.GroupCreationTests -->
