<?xml version="1.0" encoding="UTF-8"?>
<!-- Generated by org.testng.reporters.JUnitReportReporter -->
<testsuite hostname="Anna-PC" name="com.example.tests.GroupCreationTests" tests="2" failures="0" timestamp="20 Feb 2015 00:56:04 GMT" time="5.752" errors="0">
  <testcase name="testNonEmptyGroupCreation" time="2.996" classname="com.example.tests.GroupCreationTests"/>
  <testcase name="testEmptyGroupCreation" time="2.756" classname="com.example.tests.GroupCreationTests"/>
</testsuite> <!-- com.example.tests.GroupCreationTests -->
