<?xml version="1.0" encoding="UTF-8"?>
<!-- Generated by org.testng.reporters.JUnitReportReporter -->
<testsuite hostname="Anna-PC" name="com.example.tests.GroupCreationTests" tests="2" failures="0" timestamp="23 Feb 2015 16:40:46 GMT" time="10.243" errors="0">
  <testcase name="testNonEmptyGroupCreation" time="3.412" classname="com.example.tests.GroupCreationTests"/>
  <testcase name="testEmptyGroupCreation" time="6.831" classname="com.example.tests.GroupCreationTests"/>
</testsuite> <!-- com.example.tests.GroupCreationTests -->
