<?xml version="1.0" encoding="UTF-8"?>
<!-- Generated by org.testng.reporters.JUnitReportReporter -->
<testsuite hostname="Anna-PC" name="com.example.tests.GroupCreationTests" tests="2" failures="0" timestamp="18 Feb 2015 21:17:21 GMT" time="10.495" errors="0">
  <testcase name="testEmptyGroupCreation" time="3.414" classname="com.example.tests.GroupCreationTests"/>
  <testcase name="testNonEmptyGroupCreation" time="7.081" classname="com.example.tests.GroupCreationTests"/>
</testsuite> <!-- com.example.tests.GroupCreationTests -->
