<?xml version="1.0" encoding="UTF-8"?>
<!-- Generated by org.testng.reporters.JUnitReportReporter -->
<testsuite hostname="Anna-PC" name="com.example.tests.ContactCreationTests" tests="2" failures="0" timestamp="23 Feb 2015 01:20:26 GMT" time="7.039" errors="0">
  <testcase name="testEmptyContact" time="3.139" classname="com.example.tests.ContactCreationTests"/>
  <testcase name="testNonEmptyContact" time="3.900" classname="com.example.tests.ContactCreationTests"/>
</testsuite> <!-- com.example.tests.ContactCreationTests -->
